Determining if the pthread_create exist failed with the following output:
Change Dir: /home/sundong/Exploring/localplanning/ros_navigation_stack_vrep_simulation/vrep_ws/build/vrep_plugin_skeleton/CMakeFiles/CMakeTmp

Run Build Command:"/usr/bin/make" "cmTC_3ecf8/fast"
/usr/bin/make -f CMakeFiles/cmTC_3ecf8.dir/build.make CMakeFiles/cmTC_3ecf8.dir/build
make[1]: Entering directory '/home/sundong/Exploring/localplanning/ros_navigation_stack_vrep_simulation/vrep_ws/build/vrep_plugin_skeleton/CMakeFiles/CMakeTmp'
Building C object CMakeFiles/cmTC_3ecf8.dir/CheckSymbolExists.c.o
/usr/bin/cc     -o CMakeFiles/cmTC_3ecf8.dir/CheckSymbolExists.c.o   -c /home/sundong/Exploring/localplanning/ros_navigation_stack_vrep_simulation/vrep_ws/build/vrep_plugin_skeleton/CMakeFiles/CMakeTmp/CheckSymbolExists.c
Linking C executable cmTC_3ecf8
/usr/bin/cmake -E cmake_link_script CMakeFiles/cmTC_3ecf8.dir/link.txt --verbose=1
/usr/bin/cc       CMakeFiles/cmTC_3ecf8.dir/CheckSymbolExists.c.o  -o cmTC_3ecf8 -rdynamic 
CMakeFiles/cmTC_3ecf8.dir/CheckSymbolExists.c.o：在函数‘main’中：
CheckSymbolExists.c:(.text+0x16)：对‘pthread_create’未定义的引用
collect2: error: ld returned 1 exit status
CMakeFiles/cmTC_3ecf8.dir/build.make:97: recipe for target 'cmTC_3ecf8' failed
make[1]: *** [cmTC_3ecf8] Error 1
make[1]: Leaving directory '/home/sundong/Exploring/localplanning/ros_navigation_stack_vrep_simulation/vrep_ws/build/vrep_plugin_skeleton/CMakeFiles/CMakeTmp'
Makefile:126: recipe for target 'cmTC_3ecf8/fast' failed
make: *** [cmTC_3ecf8/fast] Error 2

File /home/sundong/Exploring/localplanning/ros_navigation_stack_vrep_simulation/vrep_ws/build/vrep_plugin_skeleton/CMakeFiles/CMakeTmp/CheckSymbolExists.c:
/* */
#include <pthread.h>

int main(int argc, char** argv)
{
  (void)argv;
#ifndef pthread_create
  return ((int*)(&pthread_create))[argc];
#else
  (void)argc;
  return 0;
#endif
}

Determining if the function pthread_create exists in the pthreads failed with the following output:
Change Dir: /home/sundong/Exploring/localplanning/ros_navigation_stack_vrep_simulation/vrep_ws/build/vrep_plugin_skeleton/CMakeFiles/CMakeTmp

Run Build Command:"/usr/bin/make" "cmTC_48f26/fast"
/usr/bin/make -f CMakeFiles/cmTC_48f26.dir/build.make CMakeFiles/cmTC_48f26.dir/build
make[1]: Entering directory '/home/sundong/Exploring/localplanning/ros_navigation_stack_vrep_simulation/vrep_ws/build/vrep_plugin_skeleton/CMakeFiles/CMakeTmp'
Building C object CMakeFiles/cmTC_48f26.dir/CheckFunctionExists.c.o
/usr/bin/cc    -DCHECK_FUNCTION_EXISTS=pthread_create   -o CMakeFiles/cmTC_48f26.dir/CheckFunctionExists.c.o   -c /usr/share/cmake-3.5/Modules/CheckFunctionExists.c
Linking C executable cmTC_48f26
/usr/bin/cmake -E cmake_link_script CMakeFiles/cmTC_48f26.dir/link.txt --verbose=1
/usr/bin/cc   -DCHECK_FUNCTION_EXISTS=pthread_create    CMakeFiles/cmTC_48f26.dir/CheckFunctionExists.c.o  -o cmTC_48f26 -rdynamic -lpthreads 
/usr/bin/ld: 找不到 -lpthreads
collect2: error: ld returned 1 exit status
CMakeFiles/cmTC_48f26.dir/build.make:97: recipe for target 'cmTC_48f26' failed
make[1]: *** [cmTC_48f26] Error 1
make[1]: Leaving directory '/home/sundong/Exploring/localplanning/ros_navigation_stack_vrep_simulation/vrep_ws/build/vrep_plugin_skeleton/CMakeFiles/CMakeTmp'
Makefile:126: recipe for target 'cmTC_48f26/fast' failed
make: *** [cmTC_48f26/fast] Error 2


