Determining if the pthread_create exist failed with the following output:
Change Dir: /home/sundong/Exploring/localplanning/ros_navigation_stack_vrep_simulation/vrep_ws/build/vrep_skeleton_msg_and_srv/CMakeFiles/CMakeTmp

Run Build Command:"/usr/bin/make" "cmTC_3b9f1/fast"
/usr/bin/make -f CMakeFiles/cmTC_3b9f1.dir/build.make CMakeFiles/cmTC_3b9f1.dir/build
make[1]: Entering directory '/home/sundong/Exploring/localplanning/ros_navigation_stack_vrep_simulation/vrep_ws/build/vrep_skeleton_msg_and_srv/CMakeFiles/CMakeTmp'
Building C object CMakeFiles/cmTC_3b9f1.dir/CheckSymbolExists.c.o
/usr/bin/cc     -o CMakeFiles/cmTC_3b9f1.dir/CheckSymbolExists.c.o   -c /home/sundong/Exploring/localplanning/ros_navigation_stack_vrep_simulation/vrep_ws/build/vrep_skeleton_msg_and_srv/CMakeFiles/CMakeTmp/CheckSymbolExists.c
Linking C executable cmTC_3b9f1
/usr/bin/cmake -E cmake_link_script CMakeFiles/cmTC_3b9f1.dir/link.txt --verbose=1
/usr/bin/cc       CMakeFiles/cmTC_3b9f1.dir/CheckSymbolExists.c.o  -o cmTC_3b9f1 -rdynamic 
CMakeFiles/cmTC_3b9f1.dir/CheckSymbolExists.c.o：在函数‘main’中：
CheckSymbolExists.c:(.text+0x16)：对‘pthread_create’未定义的引用
collect2: error: ld returned 1 exit status
CMakeFiles/cmTC_3b9f1.dir/build.make:97: recipe for target 'cmTC_3b9f1' failed
make[1]: *** [cmTC_3b9f1] Error 1
make[1]: Leaving directory '/home/sundong/Exploring/localplanning/ros_navigation_stack_vrep_simulation/vrep_ws/build/vrep_skeleton_msg_and_srv/CMakeFiles/CMakeTmp'
Makefile:126: recipe for target 'cmTC_3b9f1/fast' failed
make: *** [cmTC_3b9f1/fast] Error 2

File /home/sundong/Exploring/localplanning/ros_navigation_stack_vrep_simulation/vrep_ws/build/vrep_skeleton_msg_and_srv/CMakeFiles/CMakeTmp/CheckSymbolExists.c:
/* */
#include <pthread.h>

int main(int argc, char** argv)
{
  (void)argv;
#ifndef pthread_create
  return ((int*)(&pthread_create))[argc];
#else
  (void)argc;
  return 0;
#endif
}

Determining if the function pthread_create exists in the pthreads failed with the following output:
Change Dir: /home/sundong/Exploring/localplanning/ros_navigation_stack_vrep_simulation/vrep_ws/build/vrep_skeleton_msg_and_srv/CMakeFiles/CMakeTmp

Run Build Command:"/usr/bin/make" "cmTC_1576e/fast"
/usr/bin/make -f CMakeFiles/cmTC_1576e.dir/build.make CMakeFiles/cmTC_1576e.dir/build
make[1]: Entering directory '/home/sundong/Exploring/localplanning/ros_navigation_stack_vrep_simulation/vrep_ws/build/vrep_skeleton_msg_and_srv/CMakeFiles/CMakeTmp'
Building C object CMakeFiles/cmTC_1576e.dir/CheckFunctionExists.c.o
/usr/bin/cc    -DCHECK_FUNCTION_EXISTS=pthread_create   -o CMakeFiles/cmTC_1576e.dir/CheckFunctionExists.c.o   -c /usr/share/cmake-3.5/Modules/CheckFunctionExists.c
Linking C executable cmTC_1576e
/usr/bin/cmake -E cmake_link_script CMakeFiles/cmTC_1576e.dir/link.txt --verbose=1
/usr/bin/cc   -DCHECK_FUNCTION_EXISTS=pthread_create    CMakeFiles/cmTC_1576e.dir/CheckFunctionExists.c.o  -o cmTC_1576e -rdynamic -lpthreads 
/usr/bin/ld: 找不到 -lpthreads
collect2: error: ld returned 1 exit status
CMakeFiles/cmTC_1576e.dir/build.make:97: recipe for target 'cmTC_1576e' failed
make[1]: *** [cmTC_1576e] Error 1
make[1]: Leaving directory '/home/sundong/Exploring/localplanning/ros_navigation_stack_vrep_simulation/vrep_ws/build/vrep_skeleton_msg_and_srv/CMakeFiles/CMakeTmp'
Makefile:126: recipe for target 'cmTC_1576e/fast' failed
make: *** [cmTC_1576e/fast] Error 2


