Determining if the pthread_create exist failed with the following output:
Change Dir: /home/sundong/Exploring/localplanning/ros_navigation_stack_vrep_simulation/build/navfn/CMakeFiles/CMakeTmp

Run Build Command:"/usr/bin/make" "cmTC_940fc/fast"
/usr/bin/make -f CMakeFiles/cmTC_940fc.dir/build.make CMakeFiles/cmTC_940fc.dir/build
make[1]: Entering directory '/home/sundong/Exploring/localplanning/ros_navigation_stack_vrep_simulation/build/navfn/CMakeFiles/CMakeTmp'
Building C object CMakeFiles/cmTC_940fc.dir/CheckSymbolExists.c.o
/usr/bin/cc    -o CMakeFiles/cmTC_940fc.dir/CheckSymbolExists.c.o   -c /home/sundong/Exploring/localplanning/ros_navigation_stack_vrep_simulation/build/navfn/CMakeFiles/CMakeTmp/CheckSymbolExists.c
Linking C executable cmTC_940fc
/opt/cmake-3.9.1/bin/cmake -E cmake_link_script CMakeFiles/cmTC_940fc.dir/link.txt --verbose=1
/usr/bin/cc      -rdynamic CMakeFiles/cmTC_940fc.dir/CheckSymbolExists.c.o  -o cmTC_940fc 
CMakeFiles/cmTC_940fc.dir/CheckSymbolExists.c.o：在函数‘main’中：
CheckSymbolExists.c:(.text+0x16)：对‘pthread_create’未定义的引用
collect2: error: ld returned 1 exit status
CMakeFiles/cmTC_940fc.dir/build.make:97: recipe for target 'cmTC_940fc' failed
make[1]: *** [cmTC_940fc] Error 1
make[1]: Leaving directory '/home/sundong/Exploring/localplanning/ros_navigation_stack_vrep_simulation/build/navfn/CMakeFiles/CMakeTmp'
Makefile:126: recipe for target 'cmTC_940fc/fast' failed
make: *** [cmTC_940fc/fast] Error 2

File /home/sundong/Exploring/localplanning/ros_navigation_stack_vrep_simulation/build/navfn/CMakeFiles/CMakeTmp/CheckSymbolExists.c:
/* */
#include <pthread.h>

int main(int argc, char** argv)
{
  (void)argv;
#ifndef pthread_create
  return ((int*)(&pthread_create))[argc];
#else
  (void)argc;
  return 0;
#endif
}

Determining if the function pthread_create exists in the pthreads failed with the following output:
Change Dir: /home/sundong/Exploring/localplanning/ros_navigation_stack_vrep_simulation/build/navfn/CMakeFiles/CMakeTmp

Run Build Command:"/usr/bin/make" "cmTC_02dd9/fast"
/usr/bin/make -f CMakeFiles/cmTC_02dd9.dir/build.make CMakeFiles/cmTC_02dd9.dir/build
make[1]: Entering directory '/home/sundong/Exploring/localplanning/ros_navigation_stack_vrep_simulation/build/navfn/CMakeFiles/CMakeTmp'
Building C object CMakeFiles/cmTC_02dd9.dir/CheckFunctionExists.c.o
/usr/bin/cc   -DCHECK_FUNCTION_EXISTS=pthread_create   -o CMakeFiles/cmTC_02dd9.dir/CheckFunctionExists.c.o   -c /opt/cmake-3.9.1/share/cmake-3.9/Modules/CheckFunctionExists.c
Linking C executable cmTC_02dd9
/opt/cmake-3.9.1/bin/cmake -E cmake_link_script CMakeFiles/cmTC_02dd9.dir/link.txt --verbose=1
/usr/bin/cc  -DCHECK_FUNCTION_EXISTS=pthread_create    -rdynamic CMakeFiles/cmTC_02dd9.dir/CheckFunctionExists.c.o  -o cmTC_02dd9 -lpthreads 
/usr/bin/ld: 找不到 -lpthreads
collect2: error: ld returned 1 exit status
CMakeFiles/cmTC_02dd9.dir/build.make:97: recipe for target 'cmTC_02dd9' failed
make[1]: *** [cmTC_02dd9] Error 1
make[1]: Leaving directory '/home/sundong/Exploring/localplanning/ros_navigation_stack_vrep_simulation/build/navfn/CMakeFiles/CMakeTmp'
Makefile:126: recipe for target 'cmTC_02dd9/fast' failed
make: *** [cmTC_02dd9/fast] Error 2


Determining if the include file FL/Fl.H exists failed with the following output:
Change Dir: /home/sundong/Exploring/localplanning/ros_navigation_stack_vrep_simulation/build/navfn/CMakeFiles/CMakeTmp

Run Build Command:"/usr/bin/make" "cmTC_8b9ef/fast"
/usr/bin/make -f CMakeFiles/cmTC_8b9ef.dir/build.make CMakeFiles/cmTC_8b9ef.dir/build
make[1]: Entering directory '/home/sundong/Exploring/localplanning/ros_navigation_stack_vrep_simulation/build/navfn/CMakeFiles/CMakeTmp'
Building CXX object CMakeFiles/cmTC_8b9ef.dir/CheckIncludeFile.cxx.o
/usr/bin/c++     -o CMakeFiles/cmTC_8b9ef.dir/CheckIncludeFile.cxx.o -c /home/sundong/Exploring/localplanning/ros_navigation_stack_vrep_simulation/build/navfn/CMakeFiles/CMakeTmp/CheckIncludeFile.cxx
/home/sundong/Exploring/localplanning/ros_navigation_stack_vrep_simulation/build/navfn/CMakeFiles/CMakeTmp/CheckIncludeFile.cxx:1:19: fatal error: FL/Fl.H: 没有那个文件或目录
compilation terminated.
CMakeFiles/cmTC_8b9ef.dir/build.make:65: recipe for target 'CMakeFiles/cmTC_8b9ef.dir/CheckIncludeFile.cxx.o' failed
make[1]: *** [CMakeFiles/cmTC_8b9ef.dir/CheckIncludeFile.cxx.o] Error 1
make[1]: Leaving directory '/home/sundong/Exploring/localplanning/ros_navigation_stack_vrep_simulation/build/navfn/CMakeFiles/CMakeTmp'
Makefile:126: recipe for target 'cmTC_8b9ef/fast' failed
make: *** [cmTC_8b9ef/fast] Error 2


Determining if the include file pgm.h exists failed with the following output:
Change Dir: /home/sundong/Exploring/localplanning/ros_navigation_stack_vrep_simulation/build/navfn/CMakeFiles/CMakeTmp

Run Build Command:"/usr/bin/make" "cmTC_b4670/fast"
/usr/bin/make -f CMakeFiles/cmTC_b4670.dir/build.make CMakeFiles/cmTC_b4670.dir/build
make[1]: Entering directory '/home/sundong/Exploring/localplanning/ros_navigation_stack_vrep_simulation/build/navfn/CMakeFiles/CMakeTmp'
Building CXX object CMakeFiles/cmTC_b4670.dir/CheckIncludeFile.cxx.o
/usr/bin/c++     -o CMakeFiles/cmTC_b4670.dir/CheckIncludeFile.cxx.o -c /home/sundong/Exploring/localplanning/ros_navigation_stack_vrep_simulation/build/navfn/CMakeFiles/CMakeTmp/CheckIncludeFile.cxx
/home/sundong/Exploring/localplanning/ros_navigation_stack_vrep_simulation/build/navfn/CMakeFiles/CMakeTmp/CheckIncludeFile.cxx:1:17: fatal error: pgm.h: 没有那个文件或目录
compilation terminated.
CMakeFiles/cmTC_b4670.dir/build.make:65: recipe for target 'CMakeFiles/cmTC_b4670.dir/CheckIncludeFile.cxx.o' failed
make[1]: *** [CMakeFiles/cmTC_b4670.dir/CheckIncludeFile.cxx.o] Error 1
make[1]: Leaving directory '/home/sundong/Exploring/localplanning/ros_navigation_stack_vrep_simulation/build/navfn/CMakeFiles/CMakeTmp'
Makefile:126: recipe for target 'cmTC_b4670/fast' failed
make: *** [cmTC_b4670/fast] Error 2


