Determining if the pthread_create exist failed with the following output:
Change Dir: /home/sundong/Exploring/localplanning/ros_navigation_stack_vrep_simulation/build/rotate_recovery/CMakeFiles/CMakeTmp

Run Build Command:"/usr/bin/make" "cmTC_9d454/fast"
/usr/bin/make -f CMakeFiles/cmTC_9d454.dir/build.make CMakeFiles/cmTC_9d454.dir/build
make[1]: Entering directory '/home/sundong/Exploring/localplanning/ros_navigation_stack_vrep_simulation/build/rotate_recovery/CMakeFiles/CMakeTmp'
Building C object CMakeFiles/cmTC_9d454.dir/CheckSymbolExists.c.o
/usr/bin/cc    -o CMakeFiles/cmTC_9d454.dir/CheckSymbolExists.c.o   -c /home/sundong/Exploring/localplanning/ros_navigation_stack_vrep_simulation/build/rotate_recovery/CMakeFiles/CMakeTmp/CheckSymbolExists.c
Linking C executable cmTC_9d454
/opt/cmake-3.9.1/bin/cmake -E cmake_link_script CMakeFiles/cmTC_9d454.dir/link.txt --verbose=1
/usr/bin/cc      -rdynamic CMakeFiles/cmTC_9d454.dir/CheckSymbolExists.c.o  -o cmTC_9d454 
CMakeFiles/cmTC_9d454.dir/CheckSymbolExists.c.o：在函数‘main’中：
CheckSymbolExists.c:(.text+0x16)：对‘pthread_create’未定义的引用
collect2: error: ld returned 1 exit status
CMakeFiles/cmTC_9d454.dir/build.make:97: recipe for target 'cmTC_9d454' failed
make[1]: *** [cmTC_9d454] Error 1
make[1]: Leaving directory '/home/sundong/Exploring/localplanning/ros_navigation_stack_vrep_simulation/build/rotate_recovery/CMakeFiles/CMakeTmp'
Makefile:126: recipe for target 'cmTC_9d454/fast' failed
make: *** [cmTC_9d454/fast] Error 2

File /home/sundong/Exploring/localplanning/ros_navigation_stack_vrep_simulation/build/rotate_recovery/CMakeFiles/CMakeTmp/CheckSymbolExists.c:
/* */
#include <pthread.h>

int main(int argc, char** argv)
{
  (void)argv;
#ifndef pthread_create
  return ((int*)(&pthread_create))[argc];
#else
  (void)argc;
  return 0;
#endif
}

Determining if the function pthread_create exists in the pthreads failed with the following output:
Change Dir: /home/sundong/Exploring/localplanning/ros_navigation_stack_vrep_simulation/build/rotate_recovery/CMakeFiles/CMakeTmp

Run Build Command:"/usr/bin/make" "cmTC_7f7fe/fast"
/usr/bin/make -f CMakeFiles/cmTC_7f7fe.dir/build.make CMakeFiles/cmTC_7f7fe.dir/build
make[1]: Entering directory '/home/sundong/Exploring/localplanning/ros_navigation_stack_vrep_simulation/build/rotate_recovery/CMakeFiles/CMakeTmp'
Building C object CMakeFiles/cmTC_7f7fe.dir/CheckFunctionExists.c.o
/usr/bin/cc   -DCHECK_FUNCTION_EXISTS=pthread_create   -o CMakeFiles/cmTC_7f7fe.dir/CheckFunctionExists.c.o   -c /opt/cmake-3.9.1/share/cmake-3.9/Modules/CheckFunctionExists.c
Linking C executable cmTC_7f7fe
/opt/cmake-3.9.1/bin/cmake -E cmake_link_script CMakeFiles/cmTC_7f7fe.dir/link.txt --verbose=1
/usr/bin/cc  -DCHECK_FUNCTION_EXISTS=pthread_create    -rdynamic CMakeFiles/cmTC_7f7fe.dir/CheckFunctionExists.c.o  -o cmTC_7f7fe -lpthreads 
/usr/bin/ld: 找不到 -lpthreads
collect2: error: ld returned 1 exit status
CMakeFiles/cmTC_7f7fe.dir/build.make:97: recipe for target 'cmTC_7f7fe' failed
make[1]: *** [cmTC_7f7fe] Error 1
make[1]: Leaving directory '/home/sundong/Exploring/localplanning/ros_navigation_stack_vrep_simulation/build/rotate_recovery/CMakeFiles/CMakeTmp'
Makefile:126: recipe for target 'cmTC_7f7fe/fast' failed
make: *** [cmTC_7f7fe/fast] Error 2


