Determining if the pthread_create exist failed with the following output:
Change Dir: /home/sundong/Exploring/localplanning/ros_navigation_stack_vrep_simulation/build/global_planner/CMakeFiles/CMakeTmp

Run Build Command:"/usr/bin/make" "cmTC_9ab23/fast"
/usr/bin/make -f CMakeFiles/cmTC_9ab23.dir/build.make CMakeFiles/cmTC_9ab23.dir/build
make[1]: Entering directory '/home/sundong/Exploring/localplanning/ros_navigation_stack_vrep_simulation/build/global_planner/CMakeFiles/CMakeTmp'
Building C object CMakeFiles/cmTC_9ab23.dir/CheckSymbolExists.c.o
/usr/bin/cc    -o CMakeFiles/cmTC_9ab23.dir/CheckSymbolExists.c.o   -c /home/sundong/Exploring/localplanning/ros_navigation_stack_vrep_simulation/build/global_planner/CMakeFiles/CMakeTmp/CheckSymbolExists.c
Linking C executable cmTC_9ab23
/opt/cmake-3.9.1/bin/cmake -E cmake_link_script CMakeFiles/cmTC_9ab23.dir/link.txt --verbose=1
/usr/bin/cc      -rdynamic CMakeFiles/cmTC_9ab23.dir/CheckSymbolExists.c.o  -o cmTC_9ab23 
CMakeFiles/cmTC_9ab23.dir/CheckSymbolExists.c.o：在函数‘main’中：
CheckSymbolExists.c:(.text+0x16)：对‘pthread_create’未定义的引用
collect2: error: ld returned 1 exit status
CMakeFiles/cmTC_9ab23.dir/build.make:97: recipe for target 'cmTC_9ab23' failed
make[1]: *** [cmTC_9ab23] Error 1
make[1]: Leaving directory '/home/sundong/Exploring/localplanning/ros_navigation_stack_vrep_simulation/build/global_planner/CMakeFiles/CMakeTmp'
Makefile:126: recipe for target 'cmTC_9ab23/fast' failed
make: *** [cmTC_9ab23/fast] Error 2

File /home/sundong/Exploring/localplanning/ros_navigation_stack_vrep_simulation/build/global_planner/CMakeFiles/CMakeTmp/CheckSymbolExists.c:
/* */
#include <pthread.h>

int main(int argc, char** argv)
{
  (void)argv;
#ifndef pthread_create
  return ((int*)(&pthread_create))[argc];
#else
  (void)argc;
  return 0;
#endif
}

Determining if the function pthread_create exists in the pthreads failed with the following output:
Change Dir: /home/sundong/Exploring/localplanning/ros_navigation_stack_vrep_simulation/build/global_planner/CMakeFiles/CMakeTmp

Run Build Command:"/usr/bin/make" "cmTC_1e876/fast"
/usr/bin/make -f CMakeFiles/cmTC_1e876.dir/build.make CMakeFiles/cmTC_1e876.dir/build
make[1]: Entering directory '/home/sundong/Exploring/localplanning/ros_navigation_stack_vrep_simulation/build/global_planner/CMakeFiles/CMakeTmp'
Building C object CMakeFiles/cmTC_1e876.dir/CheckFunctionExists.c.o
/usr/bin/cc   -DCHECK_FUNCTION_EXISTS=pthread_create   -o CMakeFiles/cmTC_1e876.dir/CheckFunctionExists.c.o   -c /opt/cmake-3.9.1/share/cmake-3.9/Modules/CheckFunctionExists.c
Linking C executable cmTC_1e876
/opt/cmake-3.9.1/bin/cmake -E cmake_link_script CMakeFiles/cmTC_1e876.dir/link.txt --verbose=1
/usr/bin/cc  -DCHECK_FUNCTION_EXISTS=pthread_create    -rdynamic CMakeFiles/cmTC_1e876.dir/CheckFunctionExists.c.o  -o cmTC_1e876 -lpthreads 
/usr/bin/ld: 找不到 -lpthreads
collect2: error: ld returned 1 exit status
CMakeFiles/cmTC_1e876.dir/build.make:97: recipe for target 'cmTC_1e876' failed
make[1]: *** [cmTC_1e876] Error 1
make[1]: Leaving directory '/home/sundong/Exploring/localplanning/ros_navigation_stack_vrep_simulation/build/global_planner/CMakeFiles/CMakeTmp'
Makefile:126: recipe for target 'cmTC_1e876/fast' failed
make: *** [cmTC_1e876/fast] Error 2


